<?xml version="1.0" encoding="UTF-8"?>
<!-- Generated by org.testng.reporters.JUnitXMLReporter -->
<testsuite ignored="0" hostname="DESKTOP-GLLEFG8" failures="0" tests="3" name="Default test" time="3.156" errors="0" timestamp="01 Jun 2021 18:35:58 GMT">
  <testcase classname="tests.TestPage" name="testLogInFail" time="0.944"/>
  <testcase classname="tests.TestPage" name="testLogIn" time="0.375"/>
  <testcase classname="tests.TestPage" name="testSort" time="0.333"/>
</testsuite> <!-- Default test -->
