<?xml version="1.0" encoding="UTF-8"?>
<testng-results ignored="0" total="3" passed="3" failed="0" skipped="0">
  <reporter-output>
  </reporter-output>
  <suite started-at="2021-06-01T18:35:55Z" name="Default suite" finished-at="2021-06-01T18:35:58Z" duration-ms="3156">
    <groups>
    </groups>
    <test started-at="2021-06-01T18:35:55Z" name="Default test" finished-at="2021-06-01T18:35:58Z" duration-ms="3156">
      <class name="tests.TestPage">
        <test-method is-config="true" signature="createDriver()[pri:0, instance:tests.TestPage@66d18979]" started-at="2021-06-01T18:35:55Z" name="createDriver" finished-at="2021-06-01T18:35:56Z" duration-ms="1488" status="PASS">
          <reporter-output>
          </reporter-output>
        </test-method> <!-- createDriver -->
        <test-method signature="testLogInFail()[pri:1, instance:tests.TestPage@66d18979]" started-at="2021-06-01T18:35:56Z" name="testLogInFail" finished-at="2021-06-01T18:35:57Z" duration-ms="944" status="PASS">
          <reporter-output>
          </reporter-output>
        </test-method> <!-- testLogInFail -->
        <test-method signature="testLogIn()[pri:2, instance:tests.TestPage@66d18979]" started-at="2021-06-01T18:35:57Z" name="testLogIn" finished-at="2021-06-01T18:35:57Z" duration-ms="375" status="PASS">
          <reporter-output>
          </reporter-output>
        </test-method> <!-- testLogIn -->
        <test-method signature="testSort()[pri:3, instance:tests.TestPage@66d18979]" started-at="2021-06-01T18:35:57Z" name="testSort" finished-at="2021-06-01T18:35:58Z" duration-ms="333" status="PASS">
          <reporter-output>
          </reporter-output>
        </test-method> <!-- testSort -->
      </class> <!-- tests.TestPage -->
    </test> <!-- Default test -->
  </suite> <!-- Default suite -->
</testng-results>
